Change Physical Footprint: Designator=*1 Old Footprint=XBEE-MODULE New Footprint=XBEE-MODULE
Change Physical Footprint: Designator=*2 Old Footprint=Switch_5.08 New Footprint=Switch_5.08
Change Physical Footprint: Designator=*3 Old Footprint=POWER_SOCKET New Footprint=POWER_SOCKET
Change Physical Footprint: Designator=*4 Old Footprint=POWER_SOCKET New Footprint=POWER_SOCKET
Change Physical Footprint: Designator=*5 Old Footprint=POWER_SOCKET New Footprint=POWER_SOCKET
Change Physical Footprint: Designator=*6 Old Footprint=POWER_SOCKET New Footprint=POWER_SOCKET
Change Physical Footprint: Designator=*7 Old Footprint=POWER_SOCKET New Footprint=POWER_SOCKET
Change Physical Footprint: Designator=C1 Old Footprint=0603-CAP New Footprint=0603-CAP
Change Physical Footprint: Designator=C2 Old Footprint=0603-CAP New Footprint=0603-CAP
Change Physical Footprint: Designator=C3 Old Footprint=0603-CAP New Footprint=0603-CAP
Change Physical Footprint: Designator=C4 Old Footprint=0603-CAP New Footprint=0603-CAP
Change Physical Footprint: Designator=C5 Old Footprint=0603-CAP New Footprint=0603-CAP
Change Physical Footprint: Designator=C6 Old Footprint=0603-CAP New Footprint=0603-CAP
Change Physical Footprint: Designator=C7 Old Footprint=0603-CAP New Footprint=0603-CAP
Change Physical Footprint: Designator=C8 Old Footprint=0603-CAP New Footprint=0603-CAP
Change Physical Footprint: Designator=C9 Old Footprint=CAP0805-NP New Footprint=CAP0805-NP
Change Physical Footprint: Designator=C10 Old Footprint=0603-CAP New Footprint=0603-CAP
Change Physical Footprint: Designator=C11 Old Footprint=0603-CAP New Footprint=0603-CAP
Change Physical Footprint: Designator=C12 Old Footprint=0603-CAP New Footprint=0603-CAP
Change Physical Footprint: Designator=C13 Old Footprint=0603-CAP New Footprint=0603-CAP
Change Physical Footprint: Designator=C14 Old Footprint=0603-CAP New Footprint=0603-CAP
Change Physical Footprint: Designator=C15 Old Footprint=PANASONIC_C New Footprint=PANASONIC_C
Change Physical Footprint: Designator=C16 Old Footprint=0603-CAP New Footprint=0603-CAP
Change Physical Footprint: Designator=C17 Old Footprint=PANASONIC_E New Footprint=PANASONIC_E
Change Physical Footprint: Designator=C18 Old Footprint=0603-CAP New Footprint=0603-CAP
Change Physical Footprint: Designator=C19 Old Footprint=0603-CAP New Footprint=0603-CAP
Change Physical Footprint: Designator=C20 Old Footprint=PANASONIC_C New Footprint=PANASONIC_C
Change Physical Footprint: Designator=C21 Old Footprint=0603-CAP New Footprint=0603-CAP
Change Physical Footprint: Designator=C22 Old Footprint=PANASONIC_E New Footprint=PANASONIC_E
Change Physical Footprint: Designator=C23 Old Footprint=0603-CAP New Footprint=0603-CAP
Change Physical Footprint: Designator=C24 Old Footprint=0603-CAP New Footprint=0603-CAP
Change Physical Footprint: Designator=D1 Old Footprint=SMB New Footprint=SMB
Change Physical Footprint: Designator=D2 Old Footprint=0603-SMD-LED New Footprint=0603-SMD-LED
Change Physical Footprint: Designator=D3 Old Footprint=0603-SMD-LED New Footprint=0603-SMD-LED
Change Physical Footprint: Designator=D4 Old Footprint=0603-SMD-LED New Footprint=0603-SMD-LED
Change Physical Footprint: Designator=D5 Old Footprint=0603-SMD-LED New Footprint=0603-SMD-LED
Change Physical Footprint: Designator=H1 Old Footprint=HEADER_3 New Footprint=HEADER_3
Change Physical Footprint: Designator=H2 Old Footprint=SERVO New Footprint=SERVO
Change Physical Footprint: Designator=H3 Old Footprint=SERVO New Footprint=SERVO
Change Physical Footprint: Designator=H4 Old Footprint=SERVO New Footprint=SERVO
Change Physical Footprint: Designator=H5 Old Footprint=HEADER_3 New Footprint=HEADER_3
Change Physical Footprint: Designator=IC1 Old Footprint=nucleo_f303 New Footprint=nucleo_f303
Change Physical Footprint: Designator=IC2 Old Footprint=SPARKFUN_VENUS_GPS New Footprint=SPARKFUN_VENUS_GPS
Change Physical Footprint: Designator=IC3 Old Footprint=Pololu-D24V6ALV New Footprint=Pololu-D24V6ALV
Change Physical Footprint: Designator=J1 Old Footprint=SJ_3 New Footprint=SJ_3
Change Physical Footprint: Designator=J2 Old Footprint=SJ_3 New Footprint=SJ_3
Change Physical Footprint: Designator=LS1 Old Footprint=Buzzer-A3 New Footprint=Buzzer-A3
Change Physical Footprint: Designator=Q1 Old Footprint=SOT23-3 New Footprint=SOT23-3
Change Physical Footprint: Designator=Q2 Old Footprint=SOT23-3 New Footprint=SOT23-3
Change Physical Footprint: Designator=Q3 Old Footprint=TO-92A New Footprint=TO-92A
Change Physical Footprint: Designator=Q4 Old Footprint=to-252 New Footprint=to-252
Change Physical Footprint: Designator=Q5 Old Footprint=to-252 New Footprint=to-252
Change Physical Footprint: Designator=R1 Old Footprint=0603-RES New Footprint=0603-RES
Change Physical Footprint: Designator=R2 Old Footprint=0603-RES New Footprint=0603-RES
Change Physical Footprint: Designator=R3 Old Footprint=0603-RES New Footprint=0603-RES
Change Physical Footprint: Designator=R4 Old Footprint=0603-RES New Footprint=0603-RES
Change Physical Footprint: Designator=R5 Old Footprint=0603-RES New Footprint=0603-RES
Change Physical Footprint: Designator=R6 Old Footprint=0603-RES New Footprint=0603-RES
Change Physical Footprint: Designator=R7 Old Footprint=0603-RES New Footprint=0603-RES
Change Physical Footprint: Designator=R8 Old Footprint=0603-RES New Footprint=0603-RES
Change Physical Footprint: Designator=R9 Old Footprint=0603-RES New Footprint=0603-RES
Change Physical Footprint: Designator=R10 Old Footprint=Resistor-Shunt New Footprint=Resistor-Shunt
Change Physical Footprint: Designator=R11 Old Footprint=0603-RES New Footprint=0603-RES
Change Physical Footprint: Designator=R12 Old Footprint=0603-RES New Footprint=0603-RES
Change Physical Footprint: Designator=R13 Old Footprint=0603-RES New Footprint=0603-RES
Change Physical Footprint: Designator=R14 Old Footprint=0603-RES New Footprint=0603-RES
Change Physical Footprint: Designator=R15 Old Footprint=0603-RES New Footprint=0603-RES
Change Physical Footprint: Designator=R16 Old Footprint=0603-RES New Footprint=0603-RES
Change Physical Footprint: Designator=R17 Old Footprint=0603-RES New Footprint=0603-RES
Change Physical Footprint: Designator=R18 Old Footprint=0603-RES New Footprint=0603-RES
Change Physical Footprint: Designator=R19 Old Footprint=0603-RES New Footprint=0603-RES
Change Physical Footprint: Designator=R20 Old Footprint=0603-RES New Footprint=0603-RES
Change Physical Footprint: Designator=R21 Old Footprint=0603-RES New Footprint=0603-RES
Change Physical Footprint: Designator=R22 Old Footprint=0603-RES New Footprint=0603-RES
Change Physical Footprint: Designator=S1 Old Footprint=micro-sd New Footprint=micro-sd
Change Physical Footprint: Designator=U1 Old Footprint=LGA14 New Footprint=LGA14
Change Physical Footprint: Designator=U2 Old Footprint=16LPCC New Footprint=16LPCC
Change Physical Footprint: Designator=U3 Old Footprint=QFN-24_ITG3200_1:1 New Footprint=QFN-24_ITG3200_1:1
Change Physical Footprint: Designator=U4 Old Footprint=MS5611-01BA03 New Footprint=MS5611-01BA03
Change Physical Footprint: Designator=U5 Old Footprint=SOT563-2 New Footprint=SOT563-2
Change Physical Footprint: Designator=U6 Old Footprint=LGA8 New Footprint=LGA8
Change Physical Footprint: Designator=U7 Old Footprint=SOIC-8-ILD205T New Footprint=SOIC-8-ILD205T
Change Physical Footprint: Designator=U8 Old Footprint=SOIC127P600X175-8N New Footprint=SOIC127P600X175-8N
